<?xml version="1.0" encoding="UTF-8"?>
<testsuite xmlns:xsi="http://www.w3.org/2001/XMLSchema-instance" xsi:noNamespaceSchemaLocation="https://maven.apache.org/surefire/maven-surefire-plugin/xsd/surefire-test-report.xsd" name="com.upgrad.FoodOrderingApp.api.controller.CustomerControllerTest" time="3.779" tests="24" errors="0" skipped="0" failures="0">
  <properties>
[...]
</properties>
  <testcase name="shouldUpdateCustomerPassword" classname="com.upgrad.FoodOrderingApp.api.controller.CustomerControllerTest" time="0.22"/>
  <testcase name="shouldNotUpdateCustomerPasswordWhenCustomerIsNotLoggedIn" classname="com.upgrad.FoodOrderingApp.api.controller.CustomerControllerTest" time="0.01"/>
  <testcase name="shouldNotUpdateCustomerPasswordIfNewPasswordIsEmpty" classname="com.upgrad.FoodOrderingApp.api.controller.CustomerControllerTest" time="0.006"/>
  <testcase name="shouldNotLogoutIfSessionIsExpired" classname="com.upgrad.FoodOrderingApp.api.controller.CustomerControllerTest" time="0.005"/>
  <testcase name="shouldNotLoginForInvalidAuthorizationFormat" classname="com.upgrad.FoodOrderingApp.api.controller.CustomerControllerTest" time="0.004"/>
  <testcase name="shouldNotUpdateCustomerDetailsIfFirstNameNotPresentInTheRequest" classname="com.upgrad.FoodOrderingApp.api.controller.CustomerControllerTest" time="0.005"/>
  <testcase name="shouldNotUpdateCustomerDetailsWhenCustomerIsNotLoggedIn" classname="com.upgrad.FoodOrderingApp.api.controller.CustomerControllerTest" time="0.005"/>
  <testcase name="shouldUpdateCustomerDetailsIfCustomerIsAlreadyLoggedOut" classname="com.upgrad.FoodOrderingApp.api.controller.CustomerControllerTest" time="0.004"/>
  <testcase name="shouldNotSignUpForEmptyRequest" classname="com.upgrad.FoodOrderingApp.api.controller.CustomerControllerTest" time="0.005"/>
  <testcase name="shouldNotUpdateCustomerPasswordIfOldPasswordIsEmpty" classname="com.upgrad.FoodOrderingApp.api.controller.CustomerControllerTest" time="0.004"/>
  <testcase name="shouldUpdateCustomerDetailsIfSessionIsExpired" classname="com.upgrad.FoodOrderingApp.api.controller.CustomerControllerTest" time="0.004"/>
  <testcase name="shouldNotLogoutIfCustomerIsAlreadyLoggedOut" classname="com.upgrad.FoodOrderingApp.api.controller.CustomerControllerTest" time="0.004"/>
  <testcase name="shouldLogoutForValidRequest" classname="com.upgrad.FoodOrderingApp.api.controller.CustomerControllerTest" time="0.004"/>
  <testcase name="shouldNotLoginIfNoDataPresentForGivenMobileNo" classname="com.upgrad.FoodOrderingApp.api.controller.CustomerControllerTest" time="0.004"/>
  <testcase name="shouldNotSignUpForInvalidContactNo" classname="com.upgrad.FoodOrderingApp.api.controller.CustomerControllerTest" time="0.006"/>
  <testcase name="shouldNotLogoutWhenCustomerIsNotLoggedIn" classname="com.upgrad.FoodOrderingApp.api.controller.CustomerControllerTest" time="0.006"/>
  <testcase name="shouldUpdateCustomerDetails" classname="com.upgrad.FoodOrderingApp.api.controller.CustomerControllerTest" time="0.005"/>
  <testcase name="shouldNotSignUpForInvalidEmailId" classname="com.upgrad.FoodOrderingApp.api.controller.CustomerControllerTest" time="0.004"/>
  <testcase name="shouldLoginForValidRequest" classname="com.upgrad.FoodOrderingApp.api.controller.CustomerControllerTest" time="0.007"/>
  <testcase name="shouldNotSignUpIfTheContactIsAlreadySignedUp" classname="com.upgrad.FoodOrderingApp.api.controller.CustomerControllerTest" time="0.005"/>
  <testcase name="shouldNotUpdateCustomerPasswordIfNewPasswordDoesNotFollowRecommendedPasswordFormat" classname="com.upgrad.FoodOrderingApp.api.controller.CustomerControllerTest" time="0.005"/>
  <testcase name="shouldNotSignUpForInvalidPassword" classname="com.upgrad.FoodOrderingApp.api.controller.CustomerControllerTest" time="0.004"/>
  <testcase name="shouldNotLoginForWrongPassword" classname="com.upgrad.FoodOrderingApp.api.controller.CustomerControllerTest" time="0.005"/>
  <testcase name="shouldSignUpForValidRequest" classname="com.upgrad.FoodOrderingApp.api.controller.CustomerControllerTest" time="0.005"/>
</testsuite>